<?xml version="1.0" encoding="UTF-8"?>
<!-- Generated by org.testng.reporters.JUnitReportReporter -->
<testsuite hostname="SHLOK" failures="0" tests="1" name="tests.AddRemoveElementsTest" time="14.090" errors="0" timestamp="2024-02-20T23:55:33 IST" skipped="0">
  <testcase classname="tests.AddRemoveElementsTest" name="test01" time="14.090"/>
  <system-out/>
</testsuite> <!-- tests.AddRemoveElementsTest -->
