<?xml version="1.0" encoding="UTF-8"?>
<!-- Generated by org.testng.reporters.JUnitReportReporter -->
<testsuite hostname="SHLOK" failures="0" tests="1" name="tests.AbTest" time="23.980" errors="0" timestamp="2024-02-19T15:17:32 IST" skipped="0">
  <testcase classname="tests.AbTest" name="test01" time="23.980"/>
  <system-out/>
</testsuite> <!-- tests.AbTest -->
